Simulation started on Mon Jul 31 19:26:36 2017

# --------------------- PAR_DUMP -----------------------

<job>
problem_id  = test
maxout      = 0   
num_domains = 1   

<time>
cour_no = 0.5   
nlim    = -1    
tlim    = 1.0e20

<domain1>
level    = 0   
x1min    = -1.0
x1max    = 1.0 
x2min    = -1.0
x2max    = 1.0 
x3min    = -0.5
x3max    = 0.5 
bc_ix1   = 2   
bc_ox1   = 2   
bc_ix2   = 2   
bc_ox2   = 2   
Nx1      = 16  
Nx2      = 16  
Nx3      = 1   
NGrid_x1 = 1   
NGrid_x2 = 1   
NGrid_x3 = 1   
bc_ix3   = 0    # Default Value
bc_ox3   = 0    # Default Value

<problem>
gamma       = 1.6666666667 # gamma =  C_p/C_v
kappa_iso   = 0.0         
kappa_aniso = 1.0         
r0          = 0.5         
sigma       = 0.15        

<configure>
problem            = anisocond # Name of the problem file
gas                = mhd       # Magnetohydrodynamic gas
eq_state           = adiabatic # Equation of state
nscalars           = 0         # Number of passive scalars
self-gravity       = OFF       # Self-gravity algorithm
resistivity        = OFF       # resistivity algorithm
viscosity          = OFF       # viscosity algorithm
thermal conduction = ON        # conduction algorithm
particles          = none      # no particles
coord              = Cartesian # coordinate system
special relativity = no        # Special relativistic?
order              = 3         # Order of accuracy
flux               = roe       # Flux function
integrator         = ctu       # Unsplit integrator
precision          = double    # Type of Real variables
write_ghost        = no        # Ghost cells included in output?
mpi                = no        # Is code MPI parallel enabled?
H-correction       = no        # H-correction enabled?
FFT                = no        # FFT enabled?
ShearingBox        = no        # Shearing box enabled?
FARGO              = no        # FARGO enabled?
SMR                = no        # SMR enabled?

<log>
file_open = 0 # Default Value
iflush    = 1 # Default Value
out_level = 0 # Default Value
err_level = 0 # Default Value

# --------------------- PAR_DUMP -------------------------

Setup complete, entering main loop...

cycle=0 time=0.000000e+00 next dt=3.728716e-02
Next N_STS = 8
time=0.000000	central-temp=1.015089
cycle=1 time=3.728716e-02 next dt=3.730218e-02 last dt=3.728716e-02
Next N_STS = 8
time=0.037287	central-temp=1.022269
