Simulation started on Mon Jul 31 19:26:36 2017

# --------------------- PAR_DUMP -----------------------

<job>
problem_id  = test
maxout      = 0   
num_domains = 1   

<time>
cour_no = 0.5   
nlim    = -1    
tlim    = 1.0e20

<domain1>
level    = 0   
x1min    = -1.0
x1max    = 1.0 
x2min    = -1.0
x2max    = 1.0 
x3min    = -0.5
x3max    = 0.5 
bc_ix1   = 2   
bc_ox1   = 2   
bc_ix2   = 2   
bc_ox2   = 2   
Nx1      = 32  
Nx2      = 32  
Nx3      = 1   
NGrid_x1 = 1   
NGrid_x2 = 1   
NGrid_x3 = 1   
bc_ix3   = 0    # Default Value
bc_ox3   = 0    # Default Value

<problem>
gamma       = 1.6666666667 # gamma =  C_p/C_v
kappa_iso   = 0.0         
kappa_aniso = 1.0         
r0          = 0.5         
sigma       = 0.15        

<configure>
problem            = anisocond # Name of the problem file
gas                = mhd       # Magnetohydrodynamic gas
eq_state           = adiabatic # Equation of state
nscalars           = 0         # Number of passive scalars
self-gravity       = OFF       # Self-gravity algorithm
resistivity        = OFF       # resistivity algorithm
viscosity          = OFF       # viscosity algorithm
thermal conduction = ON        # conduction algorithm
particles          = none      # no particles
coord              = Cartesian # coordinate system
special relativity = no        # Special relativistic?
order              = 3         # Order of accuracy
flux               = roe       # Flux function
integrator         = ctu       # Unsplit integrator
precision          = double    # Type of Real variables
write_ghost        = no        # Ghost cells included in output?
mpi                = no        # Is code MPI parallel enabled?
H-correction       = no        # H-correction enabled?
FFT                = no        # FFT enabled?
ShearingBox        = no        # Shearing box enabled?
FARGO              = no        # FARGO enabled?
SMR                = no        # SMR enabled?

<log>
file_open = 0 # Default Value
iflush    = 1 # Default Value
out_level = 0 # Default Value
err_level = 0 # Default Value

# --------------------- PAR_DUMP -------------------------

Setup complete, entering main loop...

cycle=0 time=0.000000e+00 next dt=1.858593e-02
Next N_STS = 10
time=0.000000	central-temp=1.003515
cycle=1 time=1.858593e-02 next dt=1.858448e-02 last dt=1.858593e-02
Next N_STS = 10
time=0.018586	central-temp=1.004759
cycle=2 time=3.717041e-02 next dt=1.860513e-02 last dt=1.858448e-02
Next N_STS = 11
time=0.037170	central-temp=1.005796
cycle=3 time=5.577554e-02 next dt=1.861502e-02 last dt=1.860513e-02
Next N_STS = 11
time=0.055776	central-temp=1.006830
cycle=4 time=7.439056e-02 next dt=1.862926e-02 last dt=1.861502e-02
Next N_STS = 11
time=0.074391	central-temp=1.007825
cycle=5 time=9.301982e-02 next dt=1.863882e-02 last dt=1.862926e-02
Next N_STS = 11
time=0.093020	central-temp=1.008840
cycle=6 time=1.116586e-01 next dt=1.864911e-02 last dt=1.863882e-02
Next N_STS = 11
time=0.111659	central-temp=1.009862
cycle=7 time=1.303077e-01 next dt=1.865733e-02 last dt=1.864911e-02
Next N_STS = 11
time=0.130308	central-temp=1.010904
cycle=8 time=1.489651e-01 next dt=1.866544e-02 last dt=1.865733e-02
Next N_STS = 11
time=0.148965	central-temp=1.011958
cycle=9 time=1.676305e-01 next dt=1.867251e-02 last dt=1.866544e-02
Next N_STS = 11
time=0.167631	central-temp=1.013024
cycle=10 time=1.863030e-01 next dt=1.867929e-02 last dt=1.867251e-02
Next N_STS = 11
time=0.186303	central-temp=1.014098
cycle=11 time=2.049823e-01 next dt=1.868546e-02 last dt=1.867929e-02
Next N_STS = 11
time=0.204982	central-temp=1.015178
cycle=12 time=2.236678e-01 next dt=1.869132e-02 last dt=1.868546e-02
Next N_STS = 11
time=0.223668	central-temp=1.016258
cycle=13 time=2.423591e-01 next dt=1.869680e-02 last dt=1.869132e-02
Next N_STS = 11
time=0.242359	central-temp=1.017337
cycle=14 time=2.610559e-01 next dt=1.870199e-02 last dt=1.869680e-02
Next N_STS = 11
time=0.261056	central-temp=1.018411
